# JRE version: OpenJDK Runtime Environment Temurin-17.0.5+8 (17.0.5+8) (build 17.0.5+8)
# Java VM: OpenJDK 64-Bit Server VM Temurin-17.0.5+8 (17.0.5+8, mixed mode, emulated-client, tiered, compressed oops, compressed class ptrs, g1 gc, windows-amd64)
GC Precious Log:
 CPUs: 8 total, 8 available
 Memory: 8174M
 Large Page Support: Disabled
 NUMA Support: Disabled
 Compressed Oops: Enabled (32-bit)
 Heap Region Size: 1M
 Heap Min Capacity: 8M
 Heap Initial Capacity: 128M
 Heap Max Capacity: 2044M
 Pre-touch: Disabled
 Parallel Workers: 8
 Concurrent Workers: 2
 Concurrent Refinement Workers: 8
 Periodic GC: Disabled
Heap:
 garbage-first heap   total 130048K, used 38109K [0x0000000080400000, 0x0000000100000000)
  region size 1024K, 1 young (1024K), 0 survivors (0K)
 Metaspace       used 64902K, committed 65536K, reserved 1105920K
  class space    used 8738K, committed 8960K, reserved 1048576K
GC Heap History (20 events):
Event: 94.501 GC heap after
{Heap after GC invocations=40 (full 2):
 garbage-first heap   total 147456K, used 42208K [0x0000000080400000, 0x0000000100000000)
  region size 1024K, 0 young (0K), 0 survivors (0K)
 Metaspace       used 64982K, committed 65472K, reserved 1105920K
  class space    used 8756K, committed 8960K, reserved 1048576K
}
Event: 104.661 GC heap before
{Heap before GC invocations=40 (full 2):
 garbage-first heap   total 147456K, used 42208K [0x0000000080400000, 0x0000000100000000)
  region size 1024K, 1 young (1024K), 0 survivors (0K)
 Metaspace       used 65093K, committed 65536K, reserved 1105920K
  class space    used 8781K, committed 8960K, reserved 1048576K
}
Event: 104.697 GC heap after
{Heap after GC invocations=41 (full 3):
 garbage-first heap   total 143360K, used 42184K [0x0000000080400000, 0x0000000100000000)
  region size 1024K, 0 young (0K), 0 survivors (0K)
 Metaspace       used 65093K, committed 65536K, reserved 1105920K
  class space    used 8781K, committed 8960K, reserved 1048576K
}
Event: 114.859 GC heap before
{Heap before GC invocations=41 (full 3):
 garbage-first heap   total 143360K, used 42184K [0x0000000080400000, 0x0000000100000000)
  region size 1024K, 1 young (1024K), 0 survivors (0K)
 Metaspace       used 65094K, committed 65536K, reserved 1105920K
  class space    used 8781K, committed 8960K, reserved 1048576K
}
Event: 114.904 GC heap after
{Heap after GC invocations=42 (full 4):
 garbage-first heap   total 143360K, used 42183K [0x0000000080400000, 0x0000000100000000)
  region size 1024K, 0 young (0K), 0 survivors (0K)
 Metaspace       used 65094K, committed 65536K, reserved 1105920K
  class space    used 8781K, committed 8960K, reserved 1048576K
}
Event: 125.068 GC heap before
{Heap before GC invocations=42 (full 4):
 garbage-first heap   total 143360K, used 42183K [0x0000000080400000, 0x0000000100000000)
  region size 1024K, 1 young (1024K), 0 survivors (0K)
 Metaspace       used 65094K, committed 65536K, reserved 1105920K
  class space    used 8781K, committed 8960K, reserved 1048576K
}
Event: 125.118 GC heap after
{Heap after GC invocations=43 (full 5):
 garbage-first heap   total 143360K, used 41761K [0x0000000080400000, 0x0000000100000000)
  region size 1024K, 0 young (0K), 0 survivors (0K)
 Metaspace       used 65042K, committed 65536K, reserved 1105920K
  class space    used 8768K, committed 8960K, reserved 1048576K
}
Event: 135.275 GC heap before
{Heap before GC invocations=43 (full 5):
 garbage-first heap   total 143360K, used 41761K [0x0000000080400000, 0x0000000100000000)
  region size 1024K, 1 young (1024K), 0 survivors (0K)
 Metaspace       used 65042K, committed 65536K, reserved 1105920K
  class space    used 8768K, committed 8960K, reserved 1048576K
}
Event: 135.328 GC heap after
{Heap after GC invocations=44 (full 6):
 garbage-first heap   total 140288K, used 40945K [0x0000000080400000, 0x0000000100000000)
  region size 1024K, 0 young (0K), 0 survivors (0K)
 Metaspace       used 65038K, committed 65536K, reserved 1105920K
  class space    used 8767K, committed 8960K, reserved 1048576K
}
Event: 145.464 GC heap before
{Heap before GC invocations=44 (full 6):
 garbage-first heap   total 140288K, used 40945K [0x0000000080400000, 0x0000000100000000)
  region size 1024K, 1 young (1024K), 0 survivors (0K)
 Metaspace       used 65038K, committed 65536K, reserved 1105920K
  class space    used 8767K, committed 8960K, reserved 1048576K
}
Event: 145.517 GC heap after
{Heap after GC invocations=45 (full 7):
 garbage-first heap   total 137216K, used 39164K [0x0000000080400000, 0x0000000100000000)
  region size 1024K, 0 young (0K), 0 survivors (0K)
 Metaspace       used 64952K, committed 65536K, reserved 1105920K
  class space    used 8747K, committed 8960K, reserved 1048576K
}
Event: 155.678 GC heap before
{Heap before GC invocations=45 (full 7):
 garbage-first heap   total 137216K, used 39164K [0x0000000080400000, 0x0000000100000000)
  region size 1024K, 1 young (1024K), 0 survivors (0K)
 Metaspace       used 64952K, committed 65536K, reserved 1105920K
  class space    used 8747K, committed 8960K, reserved 1048576K
}
Event: 155.727 GC heap after
{Heap after GC invocations=46 (full 8):
 garbage-first heap   total 133120K, used 38030K [0x0000000080400000, 0x0000000100000000)
  region size 1024K, 0 young (0K), 0 survivors (0K)
 Metaspace       used 64902K, committed 65536K, reserved 1105920K
  class space    used 8738K, committed 8960K, reserved 1048576K
}
Event: 165.886 GC heap before
{Heap before GC invocations=46 (full 8):
 garbage-first heap   total 133120K, used 38030K [0x0000000080400000, 0x0000000100000000)
  region size 1024K, 1 young (1024K), 0 survivors (0K)
 Metaspace       used 64902K, committed 65536K, reserved 1105920K
  class space    used 8738K, committed 8960K, reserved 1048576K
}
Event: 165.926 GC heap after
{Heap after GC invocations=47 (full 9):
 garbage-first heap   total 133120K, used 38030K [0x0000000080400000, 0x0000000100000000)
  region size 1024K, 0 young (0K), 0 survivors (0K)
 Metaspace       used 64902K, committed 65536K, reserved 1105920K
  class space    used 8738K, committed 8960K, reserved 1048576K
}
Event: 176.143 GC heap before
{Heap before GC invocations=47 (full 9):
 garbage-first heap   total 133120K, used 38030K [0x0000000080400000, 0x0000000100000000)
  region size 1024K, 1 young (1024K), 0 survivors (0K)
 Metaspace       used 64902K, committed 65536K, reserved 1105920K
  class space    used 8738K, committed 8960K, reserved 1048576K
}
Event: 176.190 GC heap after
{Heap after GC invocations=48 (full 10):
 garbage-first heap   total 130048K, used 38030K [0x0000000080400000, 0x0000000100000000)
  region size 1024K, 0 young (0K), 0 survivors (0K)
 Metaspace       used 64902K, committed 65536K, reserved 1105920K
  class space    used 8738K, committed 8960K, reserved 1048576K
}
Event: 186.330 GC heap before
{Heap before GC invocations=48 (full 10):
 garbage-first heap   total 130048K, used 38030K [0x0000000080400000, 0x0000000100000000)
  region size 1024K, 1 young (1024K), 0 survivors (0K)
 Metaspace       used 64902K, committed 65536K, reserved 1105920K
  class space    used 8738K, committed 8960K, reserved 1048576K
}
Event: 186.367 GC heap after
{Heap after GC invocations=49 (full 11):
 garbage-first heap   total 130048K, used 38030K [0x0000000080400000, 0x0000000100000000)
  region size 1024K, 0 young (0K), 0 survivors (0K)
 Metaspace       used 64902K, committed 65536K, reserved 1105920K
  class space    used 8738K, committed 8960K, reserved 1048576K
}
Event: 196.576 GC heap before
{Heap before GC invocations=49 (full 11):
 garbage-first heap   total 130048K, used 38030K [0x0000000080400000, 0x0000000100000000)
  region size 1024K, 1 young (1024K), 0 survivors (0K)
 Metaspace       used 64902K, committed 65536K, reserved 1105920K
  class space    used 8738K, committed 8960K, reserved 1048576K
}

